2025-01-16T06:56:33+00:00 INFO Template setting migrated from D:/xampp/htdocs/ptpluke/wp-content/plugins/woocommerce-pdf-invoices-packing-slips/templates/Simple to default/Simple
2025-01-16T06:56:37+00:00 CRITICAL Table 'ptp_luke.wp_wcpdf_invoice_number' doesn't exist
2025-01-16T06:58:29+00:00 CRITICAL Error trying to generate document: #0 D:\xampp\htdocs\ptpluke\wp-content\plugins\woocommerce-pdf-invoices-packing-slips\vendor\dompdf\dompdf\src\Adapter\CPDF.php(670): WPO\IPS\Vendor\Dompdf\Cpdf->addPngFromFile('file://D:\\xampp...', 57.442913385827, 727.75417322835, 127.23447736972, 85.03937007874)
#1 D:\xampp\htdocs\ptpluke\wp-content\plugins\woocommerce-pdf-invoices-packing-slips\vendor\dompdf\dompdf\src\Renderer\Image.php(65): WPO\IPS\Vendor\Dompdf\Adapter\CPDF->image('file://D:\\xampp...', 57.442913385827, 29.096456692913, 127.23447736972, 85.03937007874, 'normal')
#2 D:\xampp\htdocs\ptpluke\wp-content\plugins\woocommerce-pdf-invoices-packing-slips\vendor\dompdf\dompdf\src\Renderer.php(307): WPO\IPS\Vendor\Dompdf\Renderer\Image->render(Object(WPO\IPS\Vendor\Dompdf\FrameDecorator\Image))
#3 D:\xampp\htdocs\ptpluke\wp-content\plugins\woocommerce-pdf-invoices-packing-slips\vendor\dompdf\dompdf\src\Renderer.php(142): WPO\IPS\Vendor\Dompdf\Renderer->_render_frame('image', Object(WPO\IPS\Vendor\Dompdf\FrameDecorator\Image))
#4 D:\xampp\htdocs\ptpluke\wp-content\plugins\woocommerce-pdf-invoices-packing-slips\vendor\dompdf\dompdf\src\Renderer.php(209): WPO\IPS\Vendor\Dompdf\Renderer->render(Object(WPO\IPS\Vendor\Dompdf\FrameDecorator\Image))
#5 D:\xampp\htdocs\ptpluke\wp-content\plugins\woocommerce-pdf-invoices-packing-slips\vendor\dompdf\dompdf\src\Renderer.php(209): WPO\IPS\Vendor\Dompdf\Renderer->render(Object(WPO\IPS\Vendor\Dompdf\FrameDecorator\TableCell))
#6 D:\xampp\htdocs\ptpluke\wp-content\plugins\woocommerce-pdf-invoices-packing-slips\vendor\dompdf\dompdf\src\Renderer.php(209): WPO\IPS\Vendor\Dompdf\Renderer->render(Object(WPO\IPS\Vendor\Dompdf\FrameDecorator\TableRow))
#7 D:\xampp\htdocs\ptpluke\wp-content\plugins\woocommerce-pdf-invoices-packing-slips\vendor\dompdf\dompdf\src\Renderer.php(209): WPO\IPS\Vendor\Dompdf\Renderer->render(Object(WPO\IPS\Vendor\Dompdf\FrameDecorator\TableRowGroup))
#8 D:\xampp\htdocs\ptpluke\wp-content\plugins\woocommerce-pdf-invoices-packing-slips\vendor\dompdf\dompdf\src\Renderer.php(209): WPO\IPS\Vendor\Dompdf\Renderer->render(Object(WPO\IPS\Vendor\Dompdf\FrameDecorator\Table))
#9 D:\xampp\htdocs\ptpluke\wp-content\plugins\woocommerce-pdf-invoices-packing-slips\vendor\dompdf\dompdf\src\FrameReflower\Page.php(151): WPO\IPS\Vendor\Dompdf\Renderer->render(Object(WPO\IPS\Vendor\Dompdf\FrameDecorator\Block))
#10 D:\xampp\htdocs\ptpluke\wp-content\plugins\woocommerce-pdf-invoices-packing-slips\vendor\dompdf\dompdf\src\FrameDecorator\AbstractFrameDecorator.php(907): WPO\IPS\Vendor\Dompdf\FrameReflower\Page->reflow(NULL)
#11 D:\xampp\htdocs\ptpluke\wp-content\plugins\woocommerce-pdf-invoices-packing-slips\vendor\dompdf\dompdf\src\Dompdf.php(810): WPO\IPS\Vendor\Dompdf\FrameDecorator\AbstractFrameDecorator->reflow()
#12 D:\xampp\htdocs\ptpluke\wp-content\plugins\woocommerce-pdf-invoices-packing-slips\includes\Makers\PDFMaker.php(54): WPO\IPS\Vendor\Dompdf\Dompdf->render()
#13 D:\xampp\htdocs\ptpluke\wp-content\plugins\woocommerce-pdf-invoices-packing-slips\includes\Documents\OrderDocument.php(1354): WPO\IPS\Makers\PDFMaker->output()
#14 D:\xampp\htdocs\ptpluke\wp-content\plugins\woocommerce-pdf-invoices-packing-slips\includes\Settings.php(317): WPO\IPS\Documents\OrderDocument->preview_pdf()
#15 D:\xampp\htdocs\ptpluke\wp-includes\class-wp-hook.php(324): WPO\IPS\Settings->ajax_preview('')
#16 D:\xampp\htdocs\ptpluke\wp-includes\class-wp-hook.php(348): WP_Hook->apply_filters('', Array)
#17 D:\xampp\htdocs\ptpluke\wp-includes\plugin.php(517): WP_Hook->do_action(Array)
#18 D:\xampp\htdocs\ptpluke\wp-admin\admin-ajax.php(192): do_action('wp_ajax_wpo_wcp...')
#19 {main}
2025-01-16T06:58:53+00:00 CRITICAL Error trying to generate document: #0 D:\xampp\htdocs\ptpluke\wp-content\plugins\woocommerce-pdf-invoices-packing-slips\vendor\dompdf\dompdf\src\Adapter\CPDF.php(670): WPO\IPS\Vendor\Dompdf\Cpdf->addPngFromFile('file://D:\\xampp...', 57.442913385827, 727.75417322835, 127.23447736972, 85.03937007874)
#1 D:\xampp\htdocs\ptpluke\wp-content\plugins\woocommerce-pdf-invoices-packing-slips\vendor\dompdf\dompdf\src\Renderer\Image.php(65): WPO\IPS\Vendor\Dompdf\Adapter\CPDF->image('file://D:\\xampp...', 57.442913385827, 29.096456692913, 127.23447736972, 85.03937007874, 'normal')
#2 D:\xampp\htdocs\ptpluke\wp-content\plugins\woocommerce-pdf-invoices-packing-slips\vendor\dompdf\dompdf\src\Renderer.php(307): WPO\IPS\Vendor\Dompdf\Renderer\Image->render(Object(WPO\IPS\Vendor\Dompdf\FrameDecorator\Image))
#3 D:\xampp\htdocs\ptpluke\wp-content\plugins\woocommerce-pdf-invoices-packing-slips\vendor\dompdf\dompdf\src\Renderer.php(142): WPO\IPS\Vendor\Dompdf\Renderer->_render_frame('image', Object(WPO\IPS\Vendor\Dompdf\FrameDecorator\Image))
#4 D:\xampp\htdocs\ptpluke\wp-content\plugins\woocommerce-pdf-invoices-packing-slips\vendor\dompdf\dompdf\src\Renderer.php(209): WPO\IPS\Vendor\Dompdf\Renderer->render(Object(WPO\IPS\Vendor\Dompdf\FrameDecorator\Image))
#5 D:\xampp\htdocs\ptpluke\wp-content\plugins\woocommerce-pdf-invoices-packing-slips\vendor\dompdf\dompdf\src\Renderer.php(209): WPO\IPS\Vendor\Dompdf\Renderer->render(Object(WPO\IPS\Vendor\Dompdf\FrameDecorator\TableCell))
#6 D:\xampp\htdocs\ptpluke\wp-content\plugins\woocommerce-pdf-invoices-packing-slips\vendor\dompdf\dompdf\src\Renderer.php(209): WPO\IPS\Vendor\Dompdf\Renderer->render(Object(WPO\IPS\Vendor\Dompdf\FrameDecorator\TableRow))
#7 D:\xampp\htdocs\ptpluke\wp-content\plugins\woocommerce-pdf-invoices-packing-slips\vendor\dompdf\dompdf\src\Renderer.php(209): WPO\IPS\Vendor\Dompdf\Renderer->render(Object(WPO\IPS\Vendor\Dompdf\FrameDecorator\TableRowGroup))
#8 D:\xampp\htdocs\ptpluke\wp-content\plugins\woocommerce-pdf-invoices-packing-slips\vendor\dompdf\dompdf\src\Renderer.php(209): WPO\IPS\Vendor\Dompdf\Renderer->render(Object(WPO\IPS\Vendor\Dompdf\FrameDecorator\Table))
#9 D:\xampp\htdocs\ptpluke\wp-content\plugins\woocommerce-pdf-invoices-packing-slips\vendor\dompdf\dompdf\src\FrameReflower\Page.php(151): WPO\IPS\Vendor\Dompdf\Renderer->render(Object(WPO\IPS\Vendor\Dompdf\FrameDecorator\Block))
#10 D:\xampp\htdocs\ptpluke\wp-content\plugins\woocommerce-pdf-invoices-packing-slips\vendor\dompdf\dompdf\src\FrameDecorator\AbstractFrameDecorator.php(907): WPO\IPS\Vendor\Dompdf\FrameReflower\Page->reflow(NULL)
#11 D:\xampp\htdocs\ptpluke\wp-content\plugins\woocommerce-pdf-invoices-packing-slips\vendor\dompdf\dompdf\src\Dompdf.php(810): WPO\IPS\Vendor\Dompdf\FrameDecorator\AbstractFrameDecorator->reflow()
#12 D:\xampp\htdocs\ptpluke\wp-content\plugins\woocommerce-pdf-invoices-packing-slips\includes\Makers\PDFMaker.php(54): WPO\IPS\Vendor\Dompdf\Dompdf->render()
#13 D:\xampp\htdocs\ptpluke\wp-content\plugins\woocommerce-pdf-invoices-packing-slips\includes\Documents\OrderDocument.php(1354): WPO\IPS\Makers\PDFMaker->output()
#14 D:\xampp\htdocs\ptpluke\wp-content\plugins\woocommerce-pdf-invoices-packing-slips\includes\Settings.php(317): WPO\IPS\Documents\OrderDocument->preview_pdf()
#15 D:\xampp\htdocs\ptpluke\wp-includes\class-wp-hook.php(324): WPO\IPS\Settings->ajax_preview('')
#16 D:\xampp\htdocs\ptpluke\wp-includes\class-wp-hook.php(348): WP_Hook->apply_filters('', Array)
#17 D:\xampp\htdocs\ptpluke\wp-includes\plugin.php(517): WP_Hook->do_action(Array)
#18 D:\xampp\htdocs\ptpluke\wp-admin\admin-ajax.php(192): do_action('wp_ajax_wpo_wcp...')
#19 {main}
2025-01-16T06:59:07+00:00 CRITICAL Exception: The PHP GD extension is required, but is not installed. (D:\xampp\htdocs\ptpluke\wp-content\plugins\woocommerce-pdf-invoices-packing-slips\vendor\dompdf\dompdf\lib\Cpdf.php:5837)
